This is XeTeX, Version 3.14159265-2.6-0.999992 (TeX Live 2020) (preloaded format=xelatex 2021.3.2)  2 MAR 2021 22:12
entering extended mode
 restricted \write18 enabled.
 %&-line parsing enabled.
**sample_tufte.tex
(./sample_tufte.tex
LaTeX2e <2020-10-01> patch level 4
L3 programming layer <2021-02-18> (/home/sampo/.TinyTeX/texmf-dist/tex/latex/tu
fte-latex/tufte-handout.cls
Document Class: tufte-handout 2015/06/21 v3.5.2 Tufte-handout class
(/home/sampo/.TinyTeX/texmf-dist/tex/latex/tufte-latex/tufte-common.def
File: tufte-common.def 2015/06/21 v3.5.2 Common code for the Tufte-LaTeX styles

(/home/sampo/.TinyTeX/texmf-dist/tex/latex/xkeyval/xkeyval.sty
Package: xkeyval 2020/11/20 v2.8 package option processing (HA)
(/home/sampo/.TinyTeX/texmf-dist/tex/generic/xkeyval/xkeyval.tex (/home/sampo/.
TinyTeX/texmf-dist/tex/generic/xkeyval/xkvutils.tex
\XKV@toks=\toks15
\XKV@tempa@toks=\toks16
(/home/sampo/.TinyTeX/texmf-dist/tex/generic/xkeyval/keyval.tex))
\XKV@depth=\count175
File: xkeyval.tex 2014/12/03 v2.7a key=value parser (HA)
)) (/home/sampo/.TinyTeX/texmf-dist/tex/latex/xifthen/xifthen.sty
Package: xifthen 2015/11/05 v1.4.0 Extended ifthen features
(/home/sampo/.TinyTeX/texmf-dist/tex/latex/tools/calc.sty
Package: calc 2017/05/25 v4.3 Infix arithmetic (KKT,FJ)
\calc@Acount=\count176
\calc@Bcount=\count177
\calc@Adimen=\dimen138
\calc@Bdimen=\dimen139
\calc@Askip=\skip47
\calc@Bskip=\skip48
LaTeX Info: Redefining \setlength on input line 80.
LaTeX Info: Redefining \addtolength on input line 81.
\calc@Ccount=\count178
\calc@Cskip=\skip49
) (/home/sampo/.TinyTeX/texmf-dist/tex/latex/base/ifthen.sty
Package: ifthen 2014/09/29 v1.1c Standard LaTeX ifthen package (DPC)
) (/home/sampo/.TinyTeX/texmf-dist/tex/latex/ifmtarg/ifmtarg.sty
Package: ifmtarg 2018/04/16 v1.2b check for an empty argument
)) (/home/sampo/.TinyTeX/texmf-dist/tex/latex/hardwrap/hardwrap.sty
Package: hardwrap 2011/02/12 v0.2 Hard wrap messages
(/home/sampo/.TinyTeX/texmf-dist/tex/generic/oberdiek/pdftexcmds.sty
Package: pdftexcmds 2018/09/10 v0.29 Utility functions of pdfTeX for LuaTeX (HO
)
(/home/sampo/.TinyTeX/texmf-dist/tex/generic/infwarerr/infwarerr.sty
Package: infwarerr 2019/12/03 v1.5 Providing info/warning/error messages (HO)
) (/home/sampo/.TinyTeX/texmf-dist/tex/generic/iftex/ifluatex.sty
Package: ifluatex 2019/10/25 v1.5 ifluatex legacy package. Use iftex instead.
(/home/sampo/.TinyTeX/texmf-dist/tex/generic/iftex/iftex.sty
Package: iftex 2020/03/06 v1.0d TeX engine tests
)) (/home/sampo/.TinyTeX/texmf-dist/tex/generic/ltxcmds/ltxcmds.sty
Package: ltxcmds 2020-05-10 v1.25 LaTeX kernel commands for general use (HO)
) (/home/sampo/.TinyTeX/texmf-dist/tex/generic/iftex/ifpdf.sty
Package: ifpdf 2019/10/25 v3.4 ifpdf legacy package. Use iftex instead.
)
Package pdftexcmds Info: LuaTeX not detected.
Package pdftexcmds Info: pdfTeX >= 1.30 not detected.
Package pdftexcmds Info: \pdf@primitive is available.
Package pdftexcmds Info: \pdf@ifprimitive is available.
Package pdftexcmds Info: \pdfdraftmode not found.
) (/home/sampo/.TinyTeX/texmf-dist/tex/generic/iftex/ifxetex.sty
Package: ifxetex 2019/10/25 v0.7 ifxetex legacy package. Use iftex instead.
)
\hw@charcount=\count179
\hw@wordcount=\count180
\hw@maxprintline=\count181
)
Class tufte-handout Info: Loading the base class `article'
(/home/sampo/.TinyTeX/texmf-dist/tex/latex/base/article.cls
Document Class: article 2020/04/10 v1.4m Standard LaTeX document class
(/home/sampo/.TinyTeX/texmf-dist/tex/latex/base/size10.clo
File: size10.clo 2020/04/10 v1.4m Standard LaTeX file (size option)
)
\c@part=\count182
\c@section=\count183
\c@subsection=\count184
\c@subsubsection=\count185
\c@paragraph=\count186
\c@subparagraph=\count187
\c@figure=\count188
\c@table=\count189
\abovecaptionskip=\skip50
\belowcaptionskip=\skip51
\bibindent=\dimen140
) (/home/sampo/.TinyTeX/texmf-dist/tex/xelatex/xltxtra/xltxtra.sty
Package: xltxtra 2018/12/31 v0.7 Improvements for the "XeLaTeX" format
(/home/sampo/.TinyTeX/texmf-dist/tex/latex/fontspec/fontspec.sty (/home/sampo/.
TinyTeX/texmf-dist/tex/latex/l3packages/xparse/xparse.sty (/home/sampo/.TinyTeX
/texmf-dist/tex/latex/l3kernel/expl3.sty
Package: expl3 2021-02-18 L3 programming layer (loader) 
(/home/sampo/.TinyTeX/texmf-dist/tex/latex/l3backend/l3backend-xetex.def
File: l3backend-xetex.def 2021-02-18 L3 backend support: XeTeX
(|extractbb --version)
\c__kernel_sys_dvipdfmx_version_int=\count190
\l__color_backend_stack_int=\count191
\g__graphics_track_int=\count192
\l__pdf_internal_box=\box47
\g__pdf_backend_object_int=\count193
\g__pdf_backend_annotation_int=\count194
\g__pdf_backend_link_int=\count195
))
(/home/sampo/.TinyTeX/texmf-dist/tex/latex/l3packages/xparse/xparse-2020-10-01.
sty
(/home/sampo/.TinyTeX/texmf-dist/tex/latex/l3packages/xparse/xparse-generic.tex
)))
Package: fontspec 2020/02/21 v2.7i Font selection for XeLaTeX and LuaLaTeX
(/home/sampo/.TinyTeX/texmf-dist/tex/latex/fontspec/fontspec-xetex.sty
Package: fontspec-xetex 2020/02/21 v2.7i Font selection for XeLaTeX and LuaLaTe
X
\l__fontspec_script_int=\count196
\l__fontspec_language_int=\count197
\l__fontspec_strnum_int=\count198
\l__fontspec_tmp_int=\count199
\l__fontspec_tmpa_int=\count266
\l__fontspec_tmpb_int=\count267
\l__fontspec_tmpc_int=\count268
\l__fontspec_em_int=\count269
\l__fontspec_emdef_int=\count270
\l__fontspec_strong_int=\count271
\l__fontspec_strongdef_int=\count272
\l__fontspec_tmpa_dim=\dimen141
\l__fontspec_tmpb_dim=\dimen142
\l__fontspec_tmpc_dim=\dimen143
(/home/sampo/.TinyTeX/texmf-dist/tex/latex/base/fontenc.sty
Package: fontenc 2020/08/10 v2.0s Standard LaTeX package
) (/home/sampo/.TinyTeX/texmf-dist/tex/latex/fontspec/fontspec.cfg))) (/home/sa
mpo/.TinyTeX/texmf-dist/tex/latex/realscripts/realscripts.sty
Package: realscripts 2016/02/13 v0.3d Access OpenType subscripts and superscrip
ts
\subsupersep=\dimen144
) (/home/sampo/.TinyTeX/texmf-dist/tex/latex/metalogo/metalogo.sty
Package: metalogo 2010/05/29 v0.12 Extended TeX logo macros
(/home/sampo/.TinyTeX/texmf-dist/tex/latex/graphics/graphicx.sty
Package: graphicx 2020/09/09 v1.2b Enhanced LaTeX Graphics (DPC,SPQR)
(/home/sampo/.TinyTeX/texmf-dist/tex/latex/graphics/graphics.sty
Package: graphics 2020/08/30 v1.4c Standard LaTeX Graphics (DPC,SPQR)
(/home/sampo/.TinyTeX/texmf-dist/tex/latex/graphics/trig.sty
Package: trig 2016/01/03 v1.10 sin cos tan (DPC)
) (/home/sampo/.TinyTeX/texmf-dist/tex/latex/graphics-cfg/graphics.cfg
File: graphics.cfg 2016/06/04 v1.11 sample graphics configuration
)
Package graphics Info: Driver file: xetex.def on input line 105.
(/home/sampo/.TinyTeX/texmf-dist/tex/latex/graphics-def/xetex.def
File: xetex.def 2020/08/26 v5.0i Graphics/color driver for xetex
))
\Gin@req@height=\dimen145
\Gin@req@width=\dimen146
)
\xl@everylogo=\toks17
\xl@@everylogo=\toks18
LaTeX Info: Redefining \TeX on input line 193.
LaTeX Info: Redefining \LaTeX on input line 202.
LaTeX Info: Redefining \LaTeXe on input line 219.
)
\l__xetex_show_hyphens_wrapping_box=\box48
\l__xetex_show_hyphens_temp_box=\box49
\l__xetex_show_hyphens_final_box=\box50
\g__xetex_show_hyphens_word_box=\box51
) (/home/sampo/.TinyTeX/texmf-dist/tex/latex/titlesec/titlesec.sty
Package: titlesec 2019/10/16 v2.13 Sectioning titles
\ttl@box=\box52
\beforetitleunit=\skip52
\aftertitleunit=\skip53
\ttl@plus=\dimen147
\ttl@minus=\dimen148
\ttl@toksa=\toks19
\titlewidth=\dimen149
\titlewidthlast=\dimen150
\titlewidthfirst=\dimen151
) (/home/sampo/.TinyTeX/texmf-dist/tex/latex/titlesec/titletoc.sty
Package: titletoc 2019/10/16 v2.13 TOC entries
\ttl@leftsep=\dimen152
) (/home/sampo/.TinyTeX/texmf-dist/tex/latex/hyperref/hyperref.sty
Package: hyperref 2021-02-27 v7.00k Hypertext links for LaTeX
(/home/sampo/.TinyTeX/texmf-dist/tex/generic/kvsetkeys/kvsetkeys.sty
Package: kvsetkeys 2019/12/15 v1.18 Key value parser (HO)
) (/home/sampo/.TinyTeX/texmf-dist/tex/generic/kvdefinekeys/kvdefinekeys.sty
Package: kvdefinekeys 2019-12-19 v1.6 Define keys (HO)
) (/home/sampo/.TinyTeX/texmf-dist/tex/generic/oberdiek/pdfescape.sty
Package: pdfescape 2016/05/16 v1.14 Implements pdfTeX's escape features (HO)
) (/home/sampo/.TinyTeX/texmf-dist/tex/latex/hycolor/hycolor.sty
Package: hycolor 2020-01-27 v1.10 Color options for hyperref/bookmark (HO)
) (/home/sampo/.TinyTeX/texmf-dist/tex/latex/letltxmacro/letltxmacro.sty
Package: letltxmacro 2019/12/03 v1.6 Let assignment for LaTeX macros (HO)
) (/home/sampo/.TinyTeX/texmf-dist/tex/latex/auxhook/auxhook.sty
Package: auxhook 2019-12-17 v1.6 Hooks for auxiliary files (HO)
) (/home/sampo/.TinyTeX/texmf-dist/tex/latex/kvoptions/kvoptions.sty
Package: kvoptions 2020-10-07 v3.14 Key value format for package options (HO)
)
\@linkdim=\dimen153
\Hy@linkcounter=\count273
\Hy@pagecounter=\count274
(/home/sampo/.TinyTeX/texmf-dist/tex/latex/hyperref/pd1enc.def
File: pd1enc.def 2021-02-27 v7.00k Hyperref: PDFDocEncoding definition (HO)
) (/home/sampo/.TinyTeX/texmf-dist/tex/latex/hyperref/hyperref-langpatches.def
File: hyperref-langpatches.def 2021-02-27 v7.00k Hyperref: patches for babel la
nguages
) (/home/sampo/.TinyTeX/texmf-dist/tex/generic/intcalc/intcalc.sty
Package: intcalc 2019/12/15 v1.3 Expandable calculations with integers (HO)
) (/home/sampo/.TinyTeX/texmf-dist/tex/generic/etexcmds/etexcmds.sty
Package: etexcmds 2019/12/15 v1.7 Avoid name clashes with e-TeX commands (HO)
)
\Hy@SavedSpaceFactor=\count275
(/home/sampo/.TinyTeX/texmf-dist/tex/latex/hyperref/puenc.def
File: puenc.def 2021-02-27 v7.00k Hyperref: PDF Unicode definition (HO)
) (/home/sampo/.TinyTeX/texmf-dist/tex/latex/latexconfig/hyperref.cfg
File: hyperref.cfg 2002/06/06 v1.2 hyperref configuration of TeXLive
)
Package hyperref Info: Option `unicode' set `true' on input line 4073.
Package hyperref Info: Option `hyperfootnotes' set `false' on input line 4073.
Package hyperref Info: Hyper figures OFF on input line 4192.
Package hyperref Info: Link nesting OFF on input line 4197.
Package hyperref Info: Hyper index ON on input line 4200.
Package hyperref Info: Plain pages OFF on input line 4207.
Package hyperref Info: Backreferencing OFF on input line 4212.
Package hyperref Info: Implicit mode ON; LaTeX internals redefined.
Package hyperref Info: Bookmarks ON on input line 4445.
\c@Hy@tempcnt=\count276
(/home/sampo/.TinyTeX/texmf-dist/tex/latex/url/url.sty
\Urlmuskip=\muskip16
Package: url 2013/09/16  ver 3.4  Verb mode for urls, etc.
)
LaTeX Info: Redefining \url on input line 4804.
\XeTeXLinkMargin=\dimen154
(/home/sampo/.TinyTeX/texmf-dist/tex/generic/bitset/bitset.sty
Package: bitset 2019/12/09 v1.3 Handle bit-vector datatype (HO)
(/home/sampo/.TinyTeX/texmf-dist/tex/generic/bigintcalc/bigintcalc.sty
Package: bigintcalc 2019/12/15 v1.5 Expandable calculations on big integers (HO
)
))
\Fld@menulength=\count277
\Field@Width=\dimen155
\Fld@charsize=\dimen156
Package hyperref Info: Hyper figures OFF on input line 6075.
Package hyperref Info: Link nesting OFF on input line 6080.
Package hyperref Info: Hyper index ON on input line 6083.
Package hyperref Info: backreferencing OFF on input line 6090.
Package hyperref Info: Link coloring OFF on input line 6095.
Package hyperref Info: Link coloring with OCG OFF on input line 6100.
Package hyperref Info: PDF/A mode OFF on input line 6105.
LaTeX Info: Redefining \ref on input line 6145.
LaTeX Info: Redefining \pageref on input line 6149.
(/home/sampo/.TinyTeX/texmf-dist/tex/latex/base/atbegshi-ltx.sty
Package: atbegshi-ltx 2020/08/17 v1.0a Emulation of the original atbegshi packa
ge
with kernel methods
)
\Hy@abspage=\count278
\c@Item=\count279
)
Package hyperref Info: Driver: hxetex.
(/home/sampo/.TinyTeX/texmf-dist/tex/latex/hyperref/hxetex.def
File: hxetex.def 2021-02-27 v7.00k Hyperref driver for XeTeX
(/home/sampo/.TinyTeX/texmf-dist/tex/generic/oberdiek/stringenc.sty
Package: stringenc 2016/05/16 v1.11 Convert strings between diff. encodings (HO
)
)
\pdfm@box=\box53
\c@Hy@AnnotLevel=\count280
\HyField@AnnotCount=\count281
\Fld@listcount=\count282
\c@bookmark@seq@number=\count283
(/home/sampo/.TinyTeX/texmf-dist/tex/latex/oberdiek/rerunfilecheck.sty
Package: rerunfilecheck 2016/05/16 v1.8 Rerun checks for auxiliary files (HO)
(/home/sampo/.TinyTeX/texmf-dist/tex/latex/base/atveryend-ltx.sty
Package: atveryend-ltx 2020/08/19 v1.0a Emulation of the original atvery packag
e
with kernel methods
) (/home/sampo/.TinyTeX/texmf-dist/tex/generic/oberdiek/uniquecounter.sty
Package: uniquecounter 2016/05/16 v1.3 Provide unlimited unique counter (HO)
)
Package uniquecounter Info: New unique counter `rerunfilecheck' on input line 2
82.
)
\Hy@SectionHShift=\skip54
) (/home/sampo/.TinyTeX/texmf-dist/tex/latex/ragged2e/ragged2e.sty
Package: ragged2e 2021/02/05 v3.0 ragged2e Package
(/home/sampo/.TinyTeX/texmf-dist/tex/latex/everysel/everysel.sty
Package: everysel 2021/01/20 v2.1 EverySelectfont Package (MS)
(/home/sampo/.TinyTeX/texmf-dist/tex/latex/everysel/everysel-2011-10-28.sty))
\CenteringLeftskip=\skip55
\RaggedLeftLeftskip=\skip56
\RaggedRightLeftskip=\skip57
\CenteringRightskip=\skip58
\RaggedLeftRightskip=\skip59
\RaggedRightRightskip=\skip60
\CenteringParfillskip=\skip61
\RaggedLeftParfillskip=\skip62
\RaggedRightParfillskip=\skip63
\JustifyingParfillskip=\skip64
\CenteringParindent=\skip65
\RaggedLeftParindent=\skip66
\RaggedRightParindent=\skip67
\JustifyingParindent=\skip68
) (/home/sampo/.TinyTeX/texmf-dist/tex/latex/geometry/geometry.sty
Package: geometry 2020/01/02 v5.9 Page Geometry
(/home/sampo/.TinyTeX/texmf-dist/tex/generic/iftex/ifvtex.sty
Package: ifvtex 2019/10/25 v1.7 ifvtex legacy package. Use iftex instead.
)
\Gm@cnth=\count284
\Gm@cntv=\count285
\c@Gm@tempcnt=\count286
\Gm@bindingoffset=\dimen157
\Gm@wd@mp=\dimen158
\Gm@odd@mp=\dimen159
\Gm@even@mp=\dimen160
\Gm@layoutwidth=\dimen161
\Gm@layoutheight=\dimen162
\Gm@layouthoffset=\dimen163
\Gm@layoutvoffset=\dimen164
\Gm@dimlist=\toks20
) (/home/sampo/.TinyTeX/texmf-dist/tex/latex/changepage/changepage.sty
Package: changepage 2009/10/20 v1.0c check page and change page layout
\c@cp@cntr=\count287
\cp@tempcnt=\count288
)
\@tufte@overhang=\skip69
\@tufte@fullwidth=\skip70
\@tufte@caption@fill=\skip71
(/home/sampo/.TinyTeX/texmf-dist/tex/latex/paralist/paralist.sty
Package: paralist 2017/01/22 v2.7 Extended list environments
\pltopsep=\skip72
\plpartopsep=\skip73
\plitemsep=\skip74
\plparsep=\skip75
\pl@lab=\toks21
) (/home/sampo/.TinyTeX/texmf-dist/tex/latex/textcase/textcase.sty
Package: textcase 2019/09/14 v1.00 Text only upper/lower case changing (DPC)
)

Class tufte-handout Warning: Couldn't locate `soul' package

(/home/sampo/.TinyTeX/texmf-dist/tex/latex/setspace/setspace.sty
Package: setspace 2011/12/19 v6.7a set line spacing
) (/home/sampo/.TinyTeX/texmf-dist/tex/latex/xcolor/xcolor.sty
Package: xcolor 2016/05/11 v2.12 LaTeX color extensions (UK)
(/home/sampo/.TinyTeX/texmf-dist/tex/latex/graphics-cfg/color.cfg
File: color.cfg 2016/01/02 v1.6 sample color configuration
)
Package xcolor Info: Package option `usenames' ignored on input line 216.
Package xcolor Info: Driver file: xetex.def on input line 225.
Package xcolor Info: Model `cmy' substituted by `cmy0' on input line 1348.
Package xcolor Info: Model `RGB' extended on input line 1364.
Package xcolor Info: Model `HTML' substituted by `rgb' on input line 1366.
Package xcolor Info: Model `Hsb' substituted by `hsb' on input line 1367.
Package xcolor Info: Model `tHsb' substituted by `hsb' on input line 1368.
Package xcolor Info: Model `HSB' substituted by `hsb' on input line 1369.
Package xcolor Info: Model `Gray' substituted by `gray' on input line 1370.
Package xcolor Info: Model `wave' substituted by `hsb' on input line 1371.
(/home/sampo/.TinyTeX/texmf-dist/tex/latex/graphics/dvipsnam.def
File: dvipsnam.def 2016/06/17 v3.0m Driver-dependent file (DPC,SPQR)
) (/home/sampo/.TinyTeX/texmf-dist/tex/latex/xcolor/svgnam.def
File: svgnam.def 2016/05/11 v2.12 Predefined colors according to SVG 1.1 (UK)
)) (/home/sampo/.TinyTeX/texmf-dist/tex/latex/natbib/natbib.sty
Package: natbib 2010/09/13 8.31b (PWD, AO)
\bibhang=\skip76
\bibsep=\skip77
LaTeX Info: Redefining \cite on input line 694.
\c@NAT@ctr=\count289
) (/home/sampo/.TinyTeX/texmf-dist/tex/latex/natbib/bibentry.sty
Package: bibentry 2007/10/30 1.5 (PWD)
)
No file sample_tufte.bbl.
\c@@tufte@num@bibkeys=\count290
(/home/sampo/.TinyTeX/texmf-dist/tex/latex/sauerj/optparams.sty
Package: optparams 2004/08/14 v0.9 multiple optional parameters in macros
)
\@tufte@sidenote@vertical@offset=\skip78
(/home/sampo/.TinyTeX/texmf-dist/tex/latex/placeins/placeins.sty
Package: placeins 2005/04/18  v 2.2
)
\@tufte@margin@floatbox=\box54
\@tufte@figure@box=\box55
\@tufte@caption@box=\box56
\@tufte@caption@vertical@offset=\skip79
\@tufte@float@contents@width=\skip80
(/home/sampo/.TinyTeX/texmf-dist/tex/latex/fancyhdr/fancyhdr.sty
Package: fancyhdr 2021/01/28 v4.0.1 Extensive control of page headers and foote
rs
\f@nch@headwidth=\skip81
\f@nch@O@elh=\skip82
\f@nch@O@erh=\skip83
\f@nch@O@olh=\skip84
\f@nch@O@orh=\skip85
\f@nch@O@elf=\skip86
\f@nch@O@erf=\skip87
\f@nch@O@olf=\skip88
\f@nch@O@orf=\skip89
)
\tufteskipamount=\skip90
(/home/sampo/.TinyTeX/texmf-dist/tex/latex/tools/multicol.sty
Package: multicol 2019/12/09 v1.8y multicolumn formatting (FMi)
\c@tracingmulticols=\count291
\mult@box=\box57
\multicol@leftmargin=\dimen165
\c@unbalance=\count292
\c@collectmore=\count293
\doublecol@number=\count294
\multicoltolerance=\count295
\multicolpretolerance=\count296
\full@width=\dimen166
\page@free=\dimen167
\premulticols=\dimen168
\postmulticols=\dimen169
\multicolsep=\skip91
\multicolbaselineskip=\skip92
\partial@page=\box58
\last@line=\box59
\maxbalancingoverflow=\dimen170
\mult@rightbox=\box60
\mult@grightbox=\box61
\mult@gfirstbox=\box62
\mult@firstbox=\box63
\@tempa=\box64
\@tempa=\box65
\@tempa=\box66
\@tempa=\box67
\@tempa=\box68
\@tempa=\box69
\@tempa=\box70
\@tempa=\box71
\@tempa=\box72
\@tempa=\box73
\@tempa=\box74
\@tempa=\box75
\@tempa=\box76
\@tempa=\box77
\@tempa=\box78
\@tempa=\box79
\@tempa=\box80
\@tempa=\box81
\@tempa=\box82
\@tempa=\box83
\@tempa=\box84
\@tempa=\box85
\@tempa=\box86
\@tempa=\box87
\@tempa=\box88
\@tempa=\box89
\@tempa=\box90
\@tempa=\box91
\@tempa=\box92
\@tempa=\box93
\@tempa=\box94
\@tempa=\box95
\@tempa=\box96
\@tempa=\box97
\@tempa=\box98
\@tempa=\box99
\@tempa=\box100
\c@minrows=\count297
\c@columnbadness=\count298
\c@finalcolumnbadness=\count299
\last@try=\dimen171
\multicolovershoot=\dimen172
\multicolundershoot=\dimen173
\mult@nat@firstbox=\box101
\colbreak@box=\box102
\mc@col@check@num=\count300
))) (/home/sampo/.TinyTeX/texmf-dist/tex/latex/amsfonts/amssymb.sty
Package: amssymb 2013/01/14 v3.01 AMS font symbols
(/home/sampo/.TinyTeX/texmf-dist/tex/latex/amsfonts/amsfonts.sty
Package: amsfonts 2013/01/14 v3.01 Basic AMSFonts support
\@emptytoks=\toks22
\symAMSa=\mathgroup4
\symAMSb=\mathgroup5
LaTeX Font Info:    Redeclaring math symbol \hbar on input line 98.
LaTeX Font Info:    Overwriting math alphabet `\mathfrak' in version `bold'
(Font)                  U/euf/m/n --> U/euf/b/n on input line 106.
)) (/home/sampo/.TinyTeX/texmf-dist/tex/latex/amsmath/amsmath.sty
Package: amsmath 2020/09/23 v2.17i AMS math features
\@mathmargin=\skip93
For additional information on amsmath, use the `?' option.
(/home/sampo/.TinyTeX/texmf-dist/tex/latex/amsmath/amstext.sty
Package: amstext 2000/06/29 v2.01 AMS text
(/home/sampo/.TinyTeX/texmf-dist/tex/latex/amsmath/amsgen.sty
File: amsgen.sty 1999/11/30 v2.0 generic functions
\@emptytoks=\toks23
\ex@=\dimen174
)) (/home/sampo/.TinyTeX/texmf-dist/tex/latex/amsmath/amsbsy.sty
Package: amsbsy 1999/11/29 v1.2d Bold Symbols
\pmbraise@=\dimen175
) (/home/sampo/.TinyTeX/texmf-dist/tex/latex/amsmath/amsopn.sty
Package: amsopn 2016/03/08 v2.02 operator names
)
\inf@bad=\count301
LaTeX Info: Redefining \frac on input line 234.
\uproot@=\count302
\leftroot@=\count303
LaTeX Info: Redefining \overline on input line 399.
\classnum@=\count304
\DOTSCASE@=\count305
LaTeX Info: Redefining \ldots on input line 496.
LaTeX Info: Redefining \dots on input line 499.
LaTeX Info: Redefining \cdots on input line 620.
\Mathstrutbox@=\box103
\strutbox@=\box104
\big@size=\dimen176
LaTeX Font Info:    Redeclaring font encoding OML on input line 743.
LaTeX Font Info:    Redeclaring font encoding OMS on input line 744.
\macc@depth=\count306
\c@MaxMatrixCols=\count307
\dotsspace@=\muskip17
\c@parentequation=\count308
\dspbrk@lvl=\count309
\tag@help=\toks24
\row@=\count310
\column@=\count311
\maxfields@=\count312
\andhelp@=\toks25
\eqnshift@=\dimen177
\alignsep@=\dimen178
\tagshift@=\dimen179
\tagwidth@=\dimen180
\totwidth@=\dimen181
\lineht@=\dimen182
\@envbody=\toks26
\multlinegap=\skip94
\multlinetaggap=\skip95
\mathdisplay@stack=\toks27
LaTeX Info: Redefining \[ on input line 2923.
LaTeX Info: Redefining \] on input line 2924.
) (/home/sampo/.TinyTeX/texmf-dist/tex/latex/base/fixltx2e.sty
Package: fixltx2e 2016/12/29 v2.1a fixes to LaTeX (obsolete)
Applying: [2015/01/01] Old fixltx2e package on input line 46.

Package fixltx2e Warning: fixltx2e is not required with releases after 2015
(fixltx2e)                All fixes are now in the LaTeX kernel.
(fixltx2e)                See the latexrelease package for details.

Already applied: [0000/00/00] Old fixltx2e package on input line 53.
)

Package fontspec Info: Noto Serif CJK JP scale = 0.8385185361103854.


Package fontspec Info: Noto Serif CJK JP scale = 0.9368970547912232.


Package fontspec Info: Could not resolve font "Noto Serif CJK JP/I" (it
(fontspec)             probably doesn't exist).


Package fontspec Info: Noto Serif CJK JP scale = 0.8385185361103854.


Package fontspec Info: Noto Serif CJK JP scale = 0.9368970547912232.


Package fontspec Info: Noto Serif CJK JP/B scale = 0.8385185361103854.


Package fontspec Info: Noto Serif CJK JP/B scale = 0.9368970547912232.


Package fontspec Info: Noto Serif CJK JP/BI scale = 0.8385185361103854.


Package fontspec Info: Noto Serif CJK JP/BI scale = 0.9368970547912232.


Package fontspec Info: Font family 'NotoSerifCJKJP(0)' created for font 'Noto
(fontspec)             Serif CJK JP' with options
(fontspec)             [Ligatures=TeX,Scale=MatchLowercase,Ligatures=TeX,Scale=
MatchUppercase].
(fontspec)              
(fontspec)              This font family consists of the following NFSS
(fontspec)             series/shapes:
(fontspec)              
(fontspec)             - 'normal' (m/n) with NFSS spec.:
(fontspec)             <->s*[0.9368970547912232]"Noto Serif CJK
(fontspec)             JP/OT:script=latn;language=dflt;mapping=tex-text;"
(fontspec)             - 'small caps'  (m/sc) with NFSS spec.: 
(fontspec)             - 'bold' (b/n) with NFSS spec.:
(fontspec)             <->s*[0.9368970547912232]"Noto Serif CJK
(fontspec)             JP/B/OT:script=latn;language=dflt;mapping=tex-text;"
(fontspec)             - 'bold small caps'  (b/sc) with NFSS spec.: 
(fontspec)             - 'bold italic' (b/it) with NFSS spec.:
(fontspec)             <->s*[0.9368970547912232]"Noto Serif CJK
(fontspec)             JP/BI/OT:script=latn;language=dflt;mapping=tex-text;"
(fontspec)             - 'bold italic small caps'  (b/scit) with NFSS spec.: 

LaTeX Font Info:    Font shape `TU/NotoSerifCJKJP(0)/m/n' will be
(Font)              scaled to size 9.3689pt on input line 24.

Package fontspec Info: Noto Sans CJK JP scale = 0.8868493966762397.


Package fontspec Info: Could not resolve font "Noto Sans CJK JP/I" (it
(fontspec)             probably doesn't exist).


Package fontspec Info: Noto Sans CJK JP scale = 0.8868493966762397.


Package fontspec Info: Noto Sans CJK JP/B scale = 0.8868493966762397.


Package fontspec Info: Noto Sans CJK JP/BI scale = 0.8868493966762397.


Package fontspec Info: Font family 'NotoSansCJKJP(0)' created for font 'Noto
(fontspec)             Sans CJK JP' with options
(fontspec)             [Ligatures=TeX,Scale=MatchLowercase,Ligatures=TeX].
(fontspec)              
(fontspec)              This font family consists of the following NFSS
(fontspec)             series/shapes:
(fontspec)              
(fontspec)             - 'normal' (m/n) with NFSS spec.:
(fontspec)             <->s*[0.8868493966762397]"Noto Sans CJK
(fontspec)             JP/OT:script=latn;language=dflt;mapping=tex-text;"
(fontspec)             - 'small caps'  (m/sc) with NFSS spec.: 
(fontspec)             - 'bold' (b/n) with NFSS spec.:
(fontspec)             <->s*[0.8868493966762397]"Noto Sans CJK
(fontspec)             JP/B/OT:script=latn;language=dflt;mapping=tex-text;"
(fontspec)             - 'bold small caps'  (b/sc) with NFSS spec.: 
(fontspec)             - 'bold italic' (b/it) with NFSS spec.:
(fontspec)             <->s*[0.8868493966762397]"Noto Sans CJK
(fontspec)             JP/BI/OT:script=latn;language=dflt;mapping=tex-text;"
(fontspec)             - 'bold italic small caps'  (b/scit) with NFSS spec.: 


Package fontspec Info: Noto Sans Mono CJK JP scale = 0.8868493966762397.


Package fontspec Info: Could not resolve font "Noto Sans Mono CJK JP/I" (it
(fontspec)             probably doesn't exist).


Package fontspec Info: Noto Sans Mono CJK JP scale = 0.8868493966762397.


Package fontspec Info: Noto Sans Mono CJK JP/B scale = 0.8868493966762397.


Package fontspec Info: Noto Sans Mono CJK JP/BI scale = 0.8868493966762397.


Package fontspec Info: Font family 'NotoSansMonoCJKJP(0)' created for font
(fontspec)             'Noto Sans Mono CJK JP' with options
(fontspec)             [Ligatures=TeX,Scale=MatchLowercase,WordSpace={1,0,0},Hy
phenChar=None,PunctuationSpace=WordSpace,Mapping=tex-ansi].
(fontspec)              
(fontspec)              This font family consists of the following NFSS
(fontspec)             series/shapes:
(fontspec)              
(fontspec)             - 'normal' (m/n) with NFSS spec.:
(fontspec)             <->s*[0.8868493966762397]"Noto Sans Mono CJK
(fontspec)             JP/OT:script=latn;language=dflt;mapping=tex-ansi;"
(fontspec)             - 'small caps'  (m/sc) with NFSS spec.: 
(fontspec)             and font adjustment code:
(fontspec)             \fontdimen 2\font =1\fontdimen 2\font \fontdimen 3\font
(fontspec)             =0\fontdimen 3\font \fontdimen 4\font =0\fontdimen
(fontspec)             4\font \fontdimen 7\font =0\fontdimen 2\font
(fontspec)             \tex_hyphenchar:D \font =-1\scan_stop: 
(fontspec)             - 'bold' (b/n) with NFSS spec.:
(fontspec)             <->s*[0.8868493966762397]"Noto Sans Mono CJK
(fontspec)             JP/B/OT:script=latn;language=dflt;mapping=tex-ansi;"
(fontspec)             - 'bold small caps'  (b/sc) with NFSS spec.: 
(fontspec)             and font adjustment code:
(fontspec)             \fontdimen 2\font =1\fontdimen 2\font \fontdimen 3\font
(fontspec)             =0\fontdimen 3\font \fontdimen 4\font =0\fontdimen
(fontspec)             4\font \fontdimen 7\font =0\fontdimen 2\font
(fontspec)             \tex_hyphenchar:D \font =-1\scan_stop: 
(fontspec)             - 'bold italic' (b/it) with NFSS spec.:
(fontspec)             <->s*[0.8868493966762397]"Noto Sans Mono CJK
(fontspec)             JP/BI/OT:script=latn;language=dflt;mapping=tex-ansi;"
(fontspec)             - 'bold italic small caps'  (b/scit) with NFSS spec.: 
(fontspec)             and font adjustment code:
(fontspec)             \fontdimen 2\font =1\fontdimen 2\font \fontdimen 3\font
(fontspec)             =0\fontdimen 3\font \fontdimen 4\font =0\fontdimen
(fontspec)             4\font \fontdimen 7\font =0\fontdimen 2\font
(fontspec)             \tex_hyphenchar:D \font =-1\scan_stop: 

(/home/sampo/.TinyTeX/texmf-dist/tex/xelatex/xecjk/xeCJK.sty
Package: xeCJK 2020/10/19 v3.8.6 Typesetting CJK scripts with XeLaTeX
(/home/sampo/.TinyTeX/texmf-dist/tex/latex/l3packages/l3keys2e/l3keys2e.sty
Package: l3keys2e 2021-02-02 LaTeX2e option processing using LaTeX3 keys
) (/home/sampo/.TinyTeX/texmf-dist/tex/latex/l3packages/xtemplate/xtemplate.sty
Package: xtemplate 2021-02-02 L3 Experimental prototype document functions
\l__xtemplate_tmp_dim=\dimen183
\l__xtemplate_tmp_int=\count313
\l__xtemplate_tmp_muskip=\muskip18
\l__xtemplate_tmp_skip=\skip96
)
\l__xeCJK_tmp_int=\count314
\l__xeCJK_tmp_box=\box105
\l__xeCJK_tmp_dim=\dimen184
\l__xeCJK_tmp_skip=\skip97
(/home/sampo/.TinyTeX/texmf-dist/tex/latex/ctex/ctexhook.sty
Package: ctexhook 2020/10/19 v2.5.5 Document and package hooks (CTEX)
)
\g__xeCJK_space_factor_int=\count315
\l__xeCJK_begin_int=\count316
\l__xeCJK_end_int=\count317
\c__xeCJK_CJK_class_int=\XeTeXcharclass1
\c__xeCJK_FullLeft_class_int=\XeTeXcharclass2
\c__xeCJK_FullRight_class_int=\XeTeXcharclass3
\c__xeCJK_HalfLeft_class_int=\XeTeXcharclass4
\c__xeCJK_HalfRight_class_int=\XeTeXcharclass5
\c__xeCJK_NormalSpace_class_int=\XeTeXcharclass6
\c__xeCJK_CM_class_int=\XeTeXcharclass7
\c__xeCJK_HangulJamo_class_int=\XeTeXcharclass8
\l__xeCJK_last_skip=\skip98
\g__xeCJK_node_int=\count318
\c__xeCJK_CJK_node_dim=\dimen185
\c__xeCJK_CJK-space_node_dim=\dimen186
\c__xeCJK_default_node_dim=\dimen187
\c__xeCJK_default-space_node_dim=\dimen188
\c__xeCJK_CJK-widow_node_dim=\dimen189
\c__xeCJK_normalspace_node_dim=\dimen190
\l__xeCJK_ccglue_skip=\skip99
\l__xeCJK_ecglue_skip=\skip100
\l__xeCJK_punct_kern_skip=\skip101
\l__xeCJK_last_penalty_int=\count319
\l__xeCJK_last_bound_dim=\dimen191
\l__xeCJK_last_kern_dim=\dimen192
\l__xeCJK_widow_penalty_int=\count320

Package xtemplate Info: Declaring object type 'xeCJK/punctuation' taking 0
(xtemplate)             argument(s) on line 2341.

\l__xeCJK_fixed_punct_width_dim=\dimen193
\l__xeCJK_mixed_punct_width_dim=\dimen194
\l__xeCJK_middle_punct_width_dim=\dimen195
\l__xeCJK_fixed_margin_width_dim=\dimen196
\l__xeCJK_mixed_margin_width_dim=\dimen197
\l__xeCJK_middle_margin_width_dim=\dimen198
\l__xeCJK_bound_punct_width_dim=\dimen199
\l__xeCJK_bound_margin_width_dim=\dimen256
\l__xeCJK_margin_minimum_dim=\dimen257
\l__xeCJK_kerning_total_width_dim=\dimen258
\l__xeCJK_same_align_margin_dim=\dimen259
\l__xeCJK_different_align_margin_dim=\dimen260
\l__xeCJK_kerning_margin_width_dim=\dimen261
\l__xeCJK_kerning_margin_minimum_dim=\dimen262
\l__xeCJK_bound_dim=\dimen263
\l__xeCJK_reverse_bound_dim=\dimen264
\l__xeCJK_margin_dim=\dimen265
\l__xeCJK_minimum_bound_dim=\dimen266
\l__xeCJK_kerning_margin_dim=\dimen267
\g__xeCJK_family_int=\count321
\l__xeCJK_fam_int=\count322
\g__xeCJK_fam_allocation_int=\count323
\l__xeCJK_verb_case_int=\count324
\l__xeCJK_verb_exspace_skip=\skip102
(/home/sampo/.TinyTeX/texmf-dist/tex/xelatex/xecjk/xeCJK.cfg
File: xeCJK.cfg 2020/10/19 v3.8.6 Configuration file for xeCJK package
))

Package fontspec Info: Noto Serif CJK JP scale = 0.9368869784121405.


Package fontspec Info: Could not resolve font "Noto Serif CJK JP/I" (it
(fontspec)             probably doesn't exist).


Package fontspec Info: Noto Serif CJK JP scale = 0.9368869784121405.


Package fontspec Info: Noto Serif CJK JP/B scale = 0.9368869784121405.


Package fontspec Info: Noto Serif CJK JP/BI scale = 0.9368869784121405.


Package fontspec Info: Font family 'NotoSerifCJKJP(1)' created for font 'Noto
(fontspec)             Serif CJK JP' with options
(fontspec)             [Ligatures=TeX,Scale=MatchLowercase,Script={CJK},Scale={
1}].
(fontspec)              
(fontspec)              This font family consists of the following NFSS
(fontspec)             series/shapes:
(fontspec)              
(fontspec)             - 'normal' (m/n) with NFSS spec.: <->s*[1]"Noto Serif
(fontspec)             CJK JP/OT:script=hani;language=dflt;mapping=tex-text;"
(fontspec)             - 'small caps'  (m/sc) with NFSS spec.: 
(fontspec)             - 'bold' (b/n) with NFSS spec.: <->s*[1]"Noto Serif CJK
(fontspec)             JP/B/OT:script=hani;language=dflt;mapping=tex-text;"
(fontspec)             - 'bold small caps'  (b/sc) with NFSS spec.: 
(fontspec)             - 'bold italic' (b/it) with NFSS spec.: <->s*[1]"Noto
(fontspec)             Serif CJK
(fontspec)             JP/BI/OT:script=hani;language=dflt;mapping=tex-text;"
(fontspec)             - 'bold italic small caps'  (b/scit) with NFSS spec.: 

(/home/sampo/.TinyTeX/texmf-dist/tex/latex/booktabs/booktabs.sty
Package: booktabs 2020/01/12 v1.61803398 Publication quality tables
\heavyrulewidth=\dimen268
\lightrulewidth=\dimen269
\cmidrulewidth=\dimen270
\belowrulesep=\dimen271
\belowbottomsep=\dimen272
\aboverulesep=\dimen273
\abovetopsep=\dimen274
\cmidrulesep=\dimen275
\cmidrulekern=\dimen276
\defaultaddspace=\dimen277
\@cmidla=\count325
\@cmidlb=\count326
\@aboverulesep=\dimen278
\@belowrulesep=\dimen279
\@thisruleclass=\count327
\@lastruleclass=\count328
\@thisrulewidth=\dimen280
) (/home/sampo/.TinyTeX/texmf-dist/tex/latex/units/units.sty
Package: units 1998/08/04 v0.9b Typesetting units
(/home/sampo/.TinyTeX/texmf-dist/tex/latex/units/nicefrac.sty
Package: nicefrac 1998/08/04 v0.9b Nice fractions
\L@UnitsRaiseDisplaystyle=\skip103
\L@UnitsRaiseTextstyle=\skip104
\L@UnitsRaiseScriptstyle=\skip105
)) (/home/sampo/.TinyTeX/texmf-dist/tex/latex/fancyvrb/fancyvrb.sty
Package: fancyvrb 2021/01/20 v3.7 verbatim text (tvz,hv)
\FV@CodeLineNo=\count329
\FV@InFile=\read2
\FV@TabBox=\box106
\c@FancyVerbLine=\count330
\FV@StepNumber=\count331
\FV@OutFile=\write3
) (/home/sampo/.TinyTeX/texmf-dist/tex/latex/tools/longtable.sty
Package: longtable 2020/01/07 v4.13 Multi-page Table package (DPC)
\LTleft=\skip106
\LTright=\skip107
\LTpre=\skip108
\LTpost=\skip109
\LTchunksize=\count332
\LTcapwidth=\dimen281
\LT@head=\box107
\LT@firsthead=\box108
\LT@foot=\box109
\LT@lastfoot=\box110
\LT@cols=\count333
\LT@rows=\count334
\c@LT@tables=\count335
\c@LT@chunks=\count336
\LT@p@ftn=\toks28
) (/home/sampo/.TinyTeX/texmf-dist/tex/generic/ulem/ulem.sty
\UL@box=\box111
\UL@hyphenbox=\box112
\UL@skip=\skip110
\UL@hook=\toks29
\UL@height=\dimen282
\UL@pe=\count337
\UL@pixel=\dimen283
\ULC@box=\box113
Package: ulem 2019/11/18
\ULdepth=\dimen284
) (/home/sampo/.TinyTeX/texmf-dist/tex/latex/morefloats/morefloats.sty
Package: morefloats 2015/07/22 v1.0h Raise limit of unprocessed floats (HMM)
Package morefloats Info: Maximum number of possible floats asked for: 36
(morefloats)             (i.e. 18 more floats).
(morefloats)             LaTeX might run out of memory before this
(morefloats)             (in which case it will notify you).
) (/home/sampo/.TinyTeX/texmf-dist/tex/latex/zxjatype/zxjatype.sty
Package: zxjatype 2020/01/22 v0.7 ZX Japanese typeset
\l__zxjt_tmpa_dim=\dimen285
\g__zxjt_tmpa_box=\box114
\l__zxjt_leftglue_skip=\skip111
)

Package xeCJK Warning: Redefining CJKfamily `\CJKrmdefault'
(xeCJK)                (NotoSerifCJKJP(1)).


Package fontspec Info: Noto Serif CJK JP scale = 0.9368869784121405.


Package fontspec Info: Could not resolve font "Noto Serif CJK JP/I" (it
(fontspec)             probably doesn't exist).


Package fontspec Info: Noto Serif CJK JP scale = 0.9368869784121405.


Package fontspec Info: Noto Serif CJK JP/B scale = 0.9368869784121405.


Package fontspec Info: Noto Serif CJK JP/BI scale = 0.9368869784121405.


Package fontspec Info: Font family 'NotoSerifCJKJP(2)' created for font 'Noto
(fontspec)             Serif CJK JP' with options
(fontspec)             [Ligatures=TeX,Scale=MatchLowercase,Script={CJK}].
(fontspec)              
(fontspec)              This font family consists of the following NFSS
(fontspec)             series/shapes:
(fontspec)              
(fontspec)             - 'normal' (m/n) with NFSS spec.:
(fontspec)             <->s*[0.9368869784121405]"Noto Serif CJK
(fontspec)             JP/OT:script=hani;language=dflt;mapping=tex-text;"
(fontspec)             - 'small caps'  (m/sc) with NFSS spec.: 
(fontspec)             - 'bold' (b/n) with NFSS spec.:
(fontspec)             <->s*[0.9368869784121405]"Noto Serif CJK
(fontspec)             JP/B/OT:script=hani;language=dflt;mapping=tex-text;"
(fontspec)             - 'bold small caps'  (b/sc) with NFSS spec.: 
(fontspec)             - 'bold italic' (b/it) with NFSS spec.:
(fontspec)             <->s*[0.9368869784121405]"Noto Serif CJK
(fontspec)             JP/BI/OT:script=hani;language=dflt;mapping=tex-text;"
(fontspec)             - 'bold italic small caps'  (b/scit) with NFSS spec.: 

(./sample_tufte.aux)
\openout1 = `sample_tufte.aux'.

LaTeX Font Info:    Checking defaults for OML/cmm/m/it on input line 121.
LaTeX Font Info:    ... okay on input line 121.
LaTeX Font Info:    Checking defaults for OMS/cmsy/m/n on input line 121.
LaTeX Font Info:    ... okay on input line 121.
LaTeX Font Info:    Checking defaults for OT1/cmr/m/n on input line 121.
LaTeX Font Info:    ... okay on input line 121.
LaTeX Font Info:    Checking defaults for T1/cmr/m/n on input line 121.
LaTeX Font Info:    ... okay on input line 121.
LaTeX Font Info:    Checking defaults for TS1/cmr/m/n on input line 121.
LaTeX Font Info:    Trying to load font information for TS1+cmr on input line 1
21.
(/home/sampo/.TinyTeX/texmf-dist/tex/latex/base/ts1cmr.fd
File: ts1cmr.fd 2019/12/16 v2.5j Standard LaTeX font definitions
)
LaTeX Font Info:    ... okay on input line 121.
LaTeX Font Info:    Checking defaults for TU/lmr/m/n on input line 121.
LaTeX Font Info:    ... okay on input line 121.
LaTeX Font Info:    Checking defaults for OMX/cmex/m/n on input line 121.
LaTeX Font Info:    ... okay on input line 121.
LaTeX Font Info:    Checking defaults for U/cmr/m/n on input line 121.
LaTeX Font Info:    ... okay on input line 121.
LaTeX Font Info:    Checking defaults for PD1/pdf/m/n on input line 121.
LaTeX Font Info:    ... okay on input line 121.
LaTeX Font Info:    Checking defaults for PU/pdf/m/n on input line 121.
LaTeX Font Info:    ... okay on input line 121.

Package fontspec Info: Adjusting the maths setup (use [no-math] to avoid
(fontspec)             this).

\symlegacymaths=\mathgroup6
LaTeX Font Info:    Overwriting symbol font `legacymaths' in version `bold'
(Font)                  OT1/cmr/m/n --> OT1/cmr/bx/n on input line 121.
LaTeX Font Info:    Redeclaring math accent \acute on input line 121.
LaTeX Font Info:    Redeclaring math accent \grave on input line 121.
LaTeX Font Info:    Redeclaring math accent \ddot on input line 121.
LaTeX Font Info:    Redeclaring math accent \tilde on input line 121.
LaTeX Font Info:    Redeclaring math accent \bar on input line 121.
LaTeX Font Info:    Redeclaring math accent \breve on input line 121.
LaTeX Font Info:    Redeclaring math accent \check on input line 121.
LaTeX Font Info:    Redeclaring math accent \hat on input line 121.
LaTeX Font Info:    Redeclaring math accent \dot on input line 121.
LaTeX Font Info:    Redeclaring math accent \mathring on input line 121.
LaTeX Font Info:    Redeclaring math symbol \Gamma on input line 121.
LaTeX Font Info:    Redeclaring math symbol \Delta on input line 121.
LaTeX Font Info:    Redeclaring math symbol \Theta on input line 121.
LaTeX Font Info:    Redeclaring math symbol \Lambda on input line 121.
LaTeX Font Info:    Redeclaring math symbol \Xi on input line 121.
LaTeX Font Info:    Redeclaring math symbol \Pi on input line 121.
LaTeX Font Info:    Redeclaring math symbol \Sigma on input line 121.
LaTeX Font Info:    Redeclaring math symbol \Upsilon on input line 121.
LaTeX Font Info:    Redeclaring math symbol \Phi on input line 121.
LaTeX Font Info:    Redeclaring math symbol \Psi on input line 121.
LaTeX Font Info:    Redeclaring math symbol \Omega on input line 121.
LaTeX Font Info:    Redeclaring math symbol \mathdollar on input line 121.
LaTeX Font Info:    Redeclaring symbol font `operators' on input line 121.
LaTeX Font Info:    Encoding `OT1' has changed to `TU' for symbol font
(Font)              `operators' in the math version `normal' on input line 121.

LaTeX Font Info:    Overwriting symbol font `operators' in version `normal'
(Font)                  OT1/cmr/m/n --> TU/NotoSerifCJKJP(0)/m/n on input line 
121.
LaTeX Font Info:    Encoding `OT1' has changed to `TU' for symbol font
(Font)              `operators' in the math version `bold' on input line 121.
LaTeX Font Info:    Overwriting symbol font `operators' in version `bold'
(Font)                  OT1/cmr/bx/n --> TU/NotoSerifCJKJP(0)/m/n on input line
 121.
LaTeX Font Info:    Overwriting symbol font `operators' in version `normal'
(Font)                  TU/NotoSerifCJKJP(0)/m/n --> TU/NotoSerifCJKJP(0)/m/n o
n input line 121.
LaTeX Font Info:    Overwriting math alphabet `\mathit' in version `normal'
(Font)                  OT1/cmr/m/it --> TU/NotoSerifCJKJP(0)/m/it on input lin
e 121.
LaTeX Font Info:    Overwriting math alphabet `\mathbf' in version `normal'
(Font)                  OT1/cmr/bx/n --> TU/NotoSerifCJKJP(0)/b/n on input line
 121.
LaTeX Font Info:    Overwriting math alphabet `\mathsf' in version `normal'
(Font)                  OT1/cmss/m/n --> TU/NotoSansCJKJP(0)/m/n on input line 
121.
LaTeX Font Info:    Overwriting math alphabet `\mathtt' in version `normal'
(Font)                  OT1/cmtt/m/n --> TU/NotoSansMonoCJKJP(0)/m/n on input l
ine 121.
LaTeX Font Info:    Overwriting symbol font `operators' in version `bold'
(Font)                  TU/NotoSerifCJKJP(0)/m/n --> TU/NotoSerifCJKJP(0)/b/n o
n input line 121.
LaTeX Font Info:    Overwriting math alphabet `\mathit' in version `bold'
(Font)                  OT1/cmr/bx/it --> TU/NotoSerifCJKJP(0)/b/it on input li
ne 121.
LaTeX Font Info:    Overwriting math alphabet `\mathsf' in version `bold'
(Font)                  OT1/cmss/bx/n --> TU/NotoSansCJKJP(0)/b/n on input line
 121.
LaTeX Font Info:    Overwriting math alphabet `\mathtt' in version `bold'
(Font)                  OT1/cmtt/m/n --> TU/NotoSansMonoCJKJP(0)/b/n on input l
ine 121.
Package hyperref Info: Link coloring OFF on input line 121.
(/home/sampo/.TinyTeX/texmf-dist/tex/latex/hyperref/nameref.sty
Package: nameref 2021-04-02 v2.47 Cross-referencing by name of section
(/home/sampo/.TinyTeX/texmf-dist/tex/latex/oberdiek/refcount.sty
Package: refcount 2016/05/16 v3.5 Data extraction from label references (HO)
) (/home/sampo/.TinyTeX/texmf-dist/tex/generic/gettitlestring/gettitlestring.st
y
Package: gettitlestring 2019/12/15 v1.6 Cleanup title references (HO)
)
\c@section@level=\count338
)
LaTeX Info: Redefining \ref on input line 121.
LaTeX Info: Redefining \pageref on input line 121.
LaTeX Info: Redefining \nameref on input line 121.
(./sample_tufte.out) (./sample_tufte.out)
\@outlinefile=\write4
\openout4 = `sample_tufte.out'.

ABD: EverySelectfont initializing macros
LaTeX Info: Redefining \selectfont on input line 121.
*geometry* driver: auto-detecting
*geometry* detected driver: xetex
*geometry* verbose mode - [ preamble ] result:
* driver: xetex
* paper: letterpaper
* layout: <same size as paper>
* layoutoffset:(h,v)=(0.0pt,0.0pt)
* modes: twoside asymmetric 
* h-part:(L,W,R)=(72.26999pt, 312.0pt, 230.02501pt)
* v-part:(T,H,B)=(72.26999pt, 616.0pt, 106.7pt)
* \paperwidth=614.295pt
* \paperheight=794.96999pt
* \textwidth=312.0pt
* \textheight=616.0pt
* \oddsidemargin=0.0pt
* \evensidemargin=0.0pt
* \topmargin=-42.0pt
* \headheight=14.0pt
* \headsep=28.0pt
* \topskip=10.0pt
* \footskip=30.0pt
* \marginparwidth=144.0pt
* \marginparsep=24.0pt
* \columnsep=10.0pt
* \skip\footins=9.0pt plus 4.0pt minus 2.0pt
* \hoffset=0.0pt
* \voffset=0.0pt
* \mag=1000
* \@twocolumnfalse
* \@twosidetrue
* \@mparswitchfalse
* \@reversemarginfalse
* (1in=72.27pt=25.4mm, 1cm=28.453pt)

\langwohyphens=\language3
LaTeX Font Info:    Font shape `TU/NotoSerifCJKJP(2)/m/n' will be
(Font)              scaled to size 9.3689pt on input line 121.

Package fontspec Info: Noto Sans Mono CJK JP scale = 0.8868493966762397.


Package fontspec Info: Could not resolve font "Noto Sans Mono CJK JP/I" (it
(fontspec)             probably doesn't exist).


Package fontspec Info: Noto Sans Mono CJK JP scale = 0.8868493966762397.


Package fontspec Info: Noto Sans Mono CJK JP/B scale = 0.8868493966762397.


Package fontspec Info: Noto Sans Mono CJK JP/BI scale = 0.8868493966762397.


Package fontspec Info: Font family 'NotoSansMonoCJKJP(1)' created for font
(fontspec)             'Noto Sans Mono CJK JP' with options
(fontspec)             [Ligatures=TeX,Scale=MatchLowercase,Script={CJK}].
(fontspec)              
(fontspec)              This font family consists of the following NFSS
(fontspec)             series/shapes:
(fontspec)              
(fontspec)             - 'normal' (m/n) with NFSS spec.:
(fontspec)             <->s*[0.8868493966762397]"Noto Sans Mono CJK
(fontspec)             JP/OT:script=hani;language=dflt;mapping=tex-text;"
(fontspec)             - 'small caps'  (m/sc) with NFSS spec.: 
(fontspec)             - 'bold' (b/n) with NFSS spec.:
(fontspec)             <->s*[0.8868493966762397]"Noto Sans Mono CJK
(fontspec)             JP/B/OT:script=hani;language=dflt;mapping=tex-text;"
(fontspec)             - 'bold small caps'  (b/sc) with NFSS spec.: 
(fontspec)             - 'bold italic' (b/it) with NFSS spec.:
(fontspec)             <->s*[0.8868493966762397]"Noto Sans Mono CJK
(fontspec)             JP/BI/OT:script=hani;language=dflt;mapping=tex-text;"
(fontspec)             - 'bold italic small caps'  (b/scit) with NFSS spec.: 

LaTeX Font Info:    Font shape `TU/NotoSansMonoCJKJP(1)/m/n' will be
(Font)              scaled to size 8.86856pt on input line 121.

Package fontspec Info: Noto Sans CJK JP scale = 0.8868493966762397.


Package fontspec Info: Could not resolve font "Noto Sans CJK JP/I" (it
(fontspec)             probably doesn't exist).


Package fontspec Info: Noto Sans CJK JP scale = 0.8868493966762397.


Package fontspec Info: Noto Sans CJK JP/B scale = 0.8868493966762397.


Package fontspec Info: Noto Sans CJK JP/BI scale = 0.8868493966762397.


Package fontspec Info: Font family 'NotoSansCJKJP(1)' created for font 'Noto
(fontspec)             Sans CJK JP' with options
(fontspec)             [Ligatures=TeX,Scale=MatchLowercase,Script={CJK}].
(fontspec)              
(fontspec)              This font family consists of the following NFSS
(fontspec)             series/shapes:
(fontspec)              
(fontspec)             - 'normal' (m/n) with NFSS spec.:
(fontspec)             <->s*[0.8868493966762397]"Noto Sans CJK
(fontspec)             JP/OT:script=hani;language=dflt;mapping=tex-text;"
(fontspec)             - 'small caps'  (m/sc) with NFSS spec.: 
(fontspec)             - 'bold' (b/n) with NFSS spec.:
(fontspec)             <->s*[0.8868493966762397]"Noto Sans CJK
(fontspec)             JP/B/OT:script=hani;language=dflt;mapping=tex-text;"
(fontspec)             - 'bold small caps'  (b/sc) with NFSS spec.: 
(fontspec)             - 'bold italic' (b/it) with NFSS spec.:
(fontspec)             <->s*[0.8868493966762397]"Noto Sans CJK
(fontspec)             JP/BI/OT:script=hani;language=dflt;mapping=tex-text;"
(fontspec)             - 'bold italic small caps'  (b/scit) with NFSS spec.: 

LaTeX Font Info:    Font shape `TU/NotoSansCJKJP(1)/m/n' will be
(Font)              scaled to size 8.86856pt on input line 121.
LaTeX Font Info:    Font shape `TU/NotoSerifCJKJP(0)/m/n' will be
(Font)              scaled to size 13.4912pt on input line 123.

LaTeX Font Warning: Font shape `TU/NotoSerifCJKJP(0)/m/it' undefined
(Font)              using `TU/NotoSerifCJKJP(0)/m/n' instead on input line 123.


LaTeX Font Info:    Font shape `TU/NotoSerifCJKJP(0)/m/it' will be
(Font)              scaled to size 11.24268pt on input line 123.
LaTeX Font Info:    Font shape `TU/NotoSerifCJKJP(0)/m/n' will be
(Font)              scaled to size 11.24268pt on input line 131.
LaTeX Font Info:    Font shape `TU/NotoSerifCJKJP(0)/m/n' will be
(Font)              scaled to size 6.55823pt on input line 137.
LaTeX Font Info:    Font shape `TU/NotoSerifCJKJP(0)/m/n' will be
(Font)              scaled to size 4.68445pt on input line 137.
LaTeX Font Info:    Trying to load font information for U+msa on input line 137
.
(/home/sampo/.TinyTeX/texmf-dist/tex/latex/amsfonts/umsa.fd
File: umsa.fd 2013/01/14 v3.01 AMS symbols A
)
LaTeX Font Info:    Trying to load font information for U+msb on input line 137
.
(/home/sampo/.TinyTeX/texmf-dist/tex/latex/amsfonts/umsb.fd
File: umsb.fd 2013/01/14 v3.01 AMS symbols B
)
LaTeX Font Info:    Font shape `TU/NotoSerifCJKJP(0)/m/n' will be
(Font)              scaled to size 7.49512pt on input line 137.
LaTeX Font Info:    Font shape `TU/NotoSerifCJKJP(0)/m/n' will be
(Font)              scaled to size 5.62134pt on input line 137.
LaTeX Font Info:    Font shape `TU/NotoSerifCJKJP(2)/m/n' will be
(Font)              scaled to size 7.49512pt on input line 137.

LaTeX Warning: Marginpar on page 1 moved.

LaTeX Font Info:    Font shape `TU/NotoSansMonoCJKJP(0)/m/n' will be
(Font)              scaled to size 8.86856pt on input line 147.
Font mapping `tex-ansi.tec' for font `Noto Sans Mono CJK JP' not found.
LaTeX Font Info:    Font shape `TU/NotoSansMonoCJKJP(0)/m/n' will be
(Font)              scaled to size 7.09485pt on input line 148.
Font mapping `tex-ansi.tec' for font `Noto Sans Mono CJK JP' not found.

LaTeX Warning: Marginpar on page 1 moved.


LaTeX Warning: Marginpar on page 1 moved.

LaTeX Font Info:    Font shape `TU/NotoSerifCJKJP(0)/m/n' will be
(Font)              scaled to size 10.25893pt on input line 157.
LaTeX Font Info:    Font shape `TU/NotoSerifCJKJP(0)/m/it' will be
(Font)              scaled to size 10.25893pt on input line 157.

LaTeX Font Warning: Font shape `TU/NotoSerifCJKJP(2)/m/it' undefined
(Font)              using `TU/NotoSerifCJKJP(2)/m/n' instead on input line 157.


LaTeX Font Info:    Font shape `TU/NotoSerifCJKJP(2)/m/n' will be
(Font)              scaled to size 10.25893pt on input line 157.

LaTeX Warning: Marginpar on page 1 moved.

LaTeX Font Info:    Font shape `TU/NotoSansMonoCJKJP(0)/b/n' will be
(Font)              scaled to size 8.86856pt on input line 173.
Font mapping `tex-ansi.tec' for font `Noto Sans Mono CJK JP Bold' not found.

Overfull \hbox (87.54764pt too wide) in alignment at lines 177--183
 [] [] [] [] [] [] 
 []


Overfull \hbox (87.54764pt too wide) in alignment at lines 183--188
 [] [] [] [] [] [] 
 []


Overfull \hbox (87.54764pt too wide) in alignment at lines 188--195
 [] [] [] [] [] [] 
 []

[1

]

LaTeX Warning: Marginpar on page 2 moved.

LaTeX Font Info:    Font shape `TU/NotoSerifCJKJP(0)/b/n' will be
(Font)              scaled to size 9.3689pt on input line 225.

Overfull \hbox (160.547pt too wide) in alignment at lines 227--232
 [] [] [] [] [] [] [] [] 
 []


Overfull \hbox (160.547pt too wide) in alignment at lines 232--252
 [] [] [] [] [] [] [] [] 
 []


Overfull \hbox (57.0909pt too wide) in alignment at lines 256--261
 [] [] [] [] [] 
 []


Overfull \hbox (57.0909pt too wide) in alignment at lines 261--264
 [] [] [] [] [] 
 []


Overfull \hbox (158.50932pt too wide) in alignment at lines 268--273
 [] [] [] [] [] [] [] [] [] [] [] 
 []


Overfull \hbox (158.50932pt too wide) in alignment at lines 273--277
 [] [] [] [] [] [] [] [] [] [] [] 
 []


Class tufte-handout Warning: Proper spacing of small-caps letters has not been 
set up.
This message occurred on input line 277.

[2]

LaTeX Warning: Marginpar on page 3 moved.


LaTeX Warning: Marginpar on page 3 moved.


Overfull \hbox (107.38788pt too wide) in alignment at lines 332--337
 [] [] [] [] [] [] [] [] 
 []


Overfull \hbox (107.38788pt too wide) in alignment at lines 337--342
 [] [] [] [] [] [] [] [] 
 []


Class tufte-handout Warning: Proper spacing of small-caps letters has not been 
set up.
This message occurred on input line 342.

[3]
Overfull \hbox (117.86385pt too wide) in alignment at lines 346--351
 [] [] [] [] [] [] [] 
 []


Overfull \hbox (117.86385pt too wide) in alignment at lines 351--354
 [] [] [] [] [] [] [] 
 []


Overfull \hbox (184.24402pt too wide) in alignment at lines 358--363
 [] [] [] [] [] [] 
 []


Overfull \hbox (184.24402pt too wide) in alignment at lines 363--370
 [] [] [] [] [] [] 
 []


Overfull \hbox (57.0909pt too wide) in alignment at lines 374--379
 [] [] [] [] [] 
 []


Overfull \hbox (57.0909pt too wide) in alignment at lines 379--383
 [] [] [] [] [] 
 []


LaTeX Warning: Marginpar on page 4 moved.


LaTeX Warning: Marginpar on page 4 moved.


LaTeX Font Warning: Font shape `TU/NotoSansMonoCJKJP(0)/m/it' undefined
(Font)              using `TU/NotoSansMonoCJKJP(0)/m/n' instead on input line 4
02.


LaTeX Font Warning: Font shape `TU/NotoSansMonoCJKJP(1)/m/it' undefined
(Font)              using `TU/NotoSansMonoCJKJP(1)/m/n' instead on input line 4
02.

LaTeX Font Info:    Font shape `TU/NotoSansMonoCJKJP(0)/m/it' will be
(Font)              scaled to size 8.86856pt on input line 406.

Class tufte-handout Warning: Proper spacing of small-caps letters has not been 
set up.
This message occurred on input line 409.

[4]
Overfull \hbox (26.93242pt too wide) in alignment at lines 424--430
 [] [] [] [] [] 
 []


Overfull \hbox (26.93242pt too wide) in alignment at lines 430--435
 [] [] [] [] [] 
 []


Overfull \hbox (26.93242pt too wide) in alignment at lines 435--456
 [] [] [] [] [] 
 []


Overfull \hbox (26.93242pt too wide) in alignment at lines 456--476
 [] [] [] [] [] 
 []


Overfull \hbox (26.93242pt too wide) in alignment at lines 476--485
 [] [] [] [] [] 
 []


Class tufte-handout Warning: Proper spacing of small-caps letters has not been 
set up.
This message occurred on input line 485.

[5]

Class tufte-handout Warning: Proper spacing of small-caps letters has not been 
set up.
This message occurred on input line 510.

[6]

LaTeX Warning: Marginpar on page 7 moved.


LaTeX Warning: Marginpar on page 7 moved.


LaTeX Warning: Marginpar on page 7 moved.


LaTeX Warning: Marginpar on page 7 moved.


Class tufte-handout Warning: Proper spacing of small-caps letters has not been 
set up.
This message occurred on input line 574.

[7]

LaTeX Warning: Marginpar on page 8 moved.


LaTeX Warning: Marginpar on page 8 moved.


LaTeX Warning: Marginpar on page 8 moved.


Underfull \hbox (badness 1590) in paragraph at lines 621--622
\TU/NotoSansMonoCJKJP(0)/m/n/8 ma28 <- function(n) { 
 []


LaTeX Warning: Marginpar on page 8 moved.


Class tufte-handout Warning: Proper spacing of small-caps letters has not been 
set up.
This message occurred on input line 662.

[8]

LaTeX Warning: Marginpar on page 9 moved.


Class tufte-handout Warning: Proper spacing of small-caps letters has not been 
set up.
This message occurred on input line 721.

[9]

Class tufte-handout Warning: Proper spacing of small-caps letters has not been 
set up.
This message occurred on input line 777.

[10]
File: sample_tufte_files/figure-latex/unnamed-chunk-22-1.pdf Graphic file (type
 pdf)
<use sample_tufte_files/figure-latex/unnamed-chunk-22-1.pdf>

Underfull \hbox (badness 10000) in paragraph at lines 803--804

 []

File: sample_tufte_files/figure-latex/unnamed-chunk-23-1.pdf Graphic file (type
 pdf)
<use sample_tufte_files/figure-latex/unnamed-chunk-23-1.pdf>
LaTeX Font Info:    Font shape `TU/NotoSerifCJKJP(0)/m/n' will be
(Font)              scaled to size 8.432pt on input line 812.
LaTeX Font Info:    Font shape `TU/NotoSerifCJKJP(2)/m/n' will be
(Font)              scaled to size 8.432pt on input line 813.
LaTeX Font Info:    Font shape `TU/NotoSansMonoCJKJP(0)/m/n' will be
(Font)              scaled to size 7.9817pt on input line 813.
Font mapping `tex-ansi.tec' for font `Noto Sans Mono CJK JP' not found.

Class tufte-handout Warning: Proper spacing of small-caps letters has not been 
set up.
This message occurred on input line 815.

[11]
File: sample_tufte_files/figure-latex/unnamed-chunk-24-1.pdf Graphic file (type
 pdf)
<use sample_tufte_files/figure-latex/unnamed-chunk-24-1.pdf>

Class tufte-handout Warning: Proper spacing of small-caps letters has not been 
set up.
This message occurred on input line 876.

[12]

Class tufte-handout Warning: Proper spacing of small-caps letters has not been 
set up.
This message occurred on input line 876.

[13]
File: sample_tufte_files/figure-latex/unnamed-chunk-25-1.pdf Graphic file (type
 pdf)
<use sample_tufte_files/figure-latex/unnamed-chunk-25-1.pdf>

LaTeX Warning: Float too large for page by 6.01271pt on input line 907.

File: sample_tufte_files/figure-latex/unnamed-chunk-26-1.pdf Graphic file (type
 pdf)
<use sample_tufte_files/figure-latex/unnamed-chunk-26-1.pdf>

Class tufte-handout Warning: Proper spacing of small-caps letters has not been 
set up.
This message occurred on input line 924.

[14]

Class tufte-handout Warning: Proper spacing of small-caps letters has not been 
set up.
This message occurred on input line 924.

[15]
No file sample_tufte.bbl.

Class tufte-handout Warning: Proper spacing of small-caps letters has not been 
set up.
This message occurred on input line 930.

[16] (./sample_tufte.aux)

LaTeX Font Warning: Some font shapes were not available, defaults substituted.

Package rerunfilecheck Info: File `sample_tufte.out' has not changed.
(rerunfilecheck)             Checksum: 478A01A42ABD8CAB4775086E20BC8A83.
 ) 
Here is how much of TeX's memory you used:
 17406 strings out of 478931
 350160 string characters out of 5866989
 755062 words of memory out of 5000000
 36876 multiletter control sequences out of 15000+600000
 409135 words of font info for 104 fonts, out of 8000000 for 9000
 14 hyphenation exceptions out of 8191
 118i,11n,135p,329b,536s stack positions out of 5000i,500n,10000p,200000b,80000s

Output written on sample_tufte.pdf (16 pages).
